<?xml version="1.0" encoding="UTF-8"?>
<!-- Generated by org.testng.reporters.JUnitXMLReporter -->
<testsuite ignored="0" hostname="DESKTOP-DHGB96Q" failures="2" tests="9" name="Web Tests" time="115.7" errors="0" timestamp="2024-04-13T18:03:45 IDT">
  <testcase classname="sanity.ShopDemo" name="test01_verifySearchForSpecificProduct" time="7.845"/>
  <testcase classname="sanity.ShopDemo" name="test01_verifySearchForSpecificProduct" time="5.532"/>
  <testcase classname="sanity.ShopDemo" name="test02_SearchForKeywordAndVerifyProductsCount" time="3.813"/>
  <testcase classname="sanity.ShopDemo" name="test02_SearchForKeywordAndVerifyProductsCount" time="3.924"/>
  <testcase classname="sanity.ShopDemo" name="test03_verifyAboutAtidText" time="1.247">
    <failure type="java.lang.AssertionError" message="expected [ATID Demo Store was created by ATID College dedicated employees. This is a complete demo site for practicing QA &amp;amp; Test Automation methodologies. Don&amp;apos;t think for a second you can actually buy here something cause you can&amp;apos;t ! This Demo Store contains software bugs which were put intentionally and your job is to locate them Good luck folks, Yoni Flenner - ATID College] but found [ATID Demo Store was created by ATID College dedicated employees. This is a complete demo site for practicing QA &amp;amp; Test Automation methodologies. Don&amp;apos;t think for a second you can actually buy here something cause you can&amp;apos;t ! This Demo Store contains software bugs which were put intentionally and your job is to locate them Good luck falks, Yoni Flenner - ATID College]">
      <![CDATA[java.lang.AssertionError: expected [ATID Demo Store was created by ATID College dedicated employees. This is a complete demo site for practicing QA & Test Automation methodologies. Don't think for a second you can actually buy here something cause you can't ! This Demo Store contains software bugs which were put intentionally and your job is to locate them Good luck folks, Yoni Flenner - ATID College] but found [ATID Demo Store was created by ATID College dedicated employees. This is a complete demo site for practicing QA & Test Automation methodologies. Don't think for a second you can actually buy here something cause you can't ! This Demo Store contains software bugs which were put intentionally and your job is to locate them Good luck falks, Yoni Flenner - ATID College]
at extensions.Verifications.verifyTextInElement(Verifications.java:31)
at sanity.ShopDemo.test03_verifyAboutAtidText(ShopDemo.java:44)
at java.base/java.util.ArrayList.forEach(ArrayList.java:1541)
... Removed 37 stack frames]]>
    </failure>
  </testcase> <!-- test03_verifyAboutAtidText -->
  <testcase classname="sanity.ShopDemo" name="test04_verifyProductImage" time="11.33"/>
  <testcase classname="sanity.ShopDemo" name="test05_verifyHighestProductPrice" time="2.243">
    <failure type="java.lang.AssertionError" message="expected [true] but found [false]">
      <![CDATA[java.lang.AssertionError: expected [true] but found [false]
at extensions.Verifications.verifyTextContainedInElement(Verifications.java:110)
at sanity.ShopDemo.test05_verifyHighestProductPrice(ShopDemo.java:64)
at java.base/java.util.ArrayList.forEach(ArrayList.java:1541)
... Removed 35 stack frames]]>
    </failure>
  </testcase> <!-- test05_verifyHighestProductPrice -->
  <testcase classname="sanity.ShopDemo" name="test06_verifyDetailsOfProductAddedToCart" time="17.114"/>
  <testcase classname="sanity.ShopDemo" name="test07_verifySearchProductsElementLocation" time="2.292"/>
</testsuite> <!-- Web Tests -->
