<?xml version="1.0" encoding="UTF-8"?>
<testsuite xmlns:xsi="http://www.w3.org/2001/XMLSchema-instance" xsi:noNamespaceSchemaLocation="https://maven.apache.org/surefire/maven-surefire-plugin/xsd/surefire-test-report.xsd" name="TestSuite" time="81.489" tests="9" errors="0" skipped="0" failures="2">
  <properties>
[...]
</properties>
  <testcase name="test01_verifySearchForSpecificProduct" classname="sanity.ShopDemo" time="9.9"/>
  <testcase name="test01_verifySearchForSpecificProduct" classname="sanity.ShopDemo" time="3.658"/>
  <testcase name="test02_SearchForKeywordAndVerifyProductsCount" classname="sanity.ShopDemo" time="3.211"/>
  <testcase name="test02_SearchForKeywordAndVerifyProductsCount" classname="sanity.ShopDemo" time="2.904"/>
  <testcase name="test03_verifyAboutAtidText" classname="sanity.ShopDemo" time="2.148">
    <failure message="expected [ATID Demo Store was created by ATID College dedicated employees. This is a complete demo site for practicing QA &amp; Test Automation methodologies. Don&apos;t think for a second you can actually buy here something cause you can&apos;t ! This Demo Store contains software bugs which were put intentionally and your job is to locate them Good luck folks, Yoni Flenner - ATID College] but found [ATID Demo Store was created by ATID College dedicated employees. This is a complete demo site for practicing QA &amp; Test Automation methodologies. Don&apos;t think for a second you can actually buy here something cause you can&apos;t ! This Demo Store contains software bugs which were put intentionally and your job is to locate them Good luck falks, Yoni Flenner - ATID College]" type="java.lang.AssertionError"><![CDATA[java.lang.AssertionError: expected [ATID Demo Store was created by ATID College dedicated employees. This is a complete demo site for practicing QA & Test Automation methodologies. Don't think for a second you can actually buy here something cause you can't ! This Demo Store contains software bugs which were put intentionally and your job is to locate them Good luck folks, Yoni Flenner - ATID College] but found [ATID Demo Store was created by ATID College dedicated employees. This is a complete demo site for practicing QA & Test Automation methodologies. Don't think for a second you can actually buy here something cause you can't ! This Demo Store contains software bugs which were put intentionally and your job is to locate them Good luck falks, Yoni Flenner - ATID College]
	at sanity.ShopDemo.test03_verifyAboutAtidText(ShopDemo.java:44)
]]></failure>
    <system-out><![CDATA[Recorded Screen Cast File is Now Created
------------ Starting Test: test03_verifyAboutAtidText ------------
actual text is ATID Demo Store was created by ATID College dedicated employees. This is a complete demo site for practicing QA & Test Automation methodologies. Don't think for a second you can actually buy here something cause you can't ! This Demo Store contains software bugs which were put intentionally and your job is to locate them Good luck falks, Yoni Flenner - ATID College
expected text is ATID Demo Store was created by ATID College dedicated employees. This is a complete demo site for practicing QA & Test Automation methodologies. Don't think for a second you can actually buy here something cause you can't ! This Demo Store contains software bugs which were put intentionally and your job is to locate them Good luck folks, Yoni Flenner - ATID College
------------ Test: test03_verifyAboutAtidText Failed ------------
Recorded Screen Cast File Stop Recording
Taking Screenshot...
]]></system-out>
  </testcase>
  <testcase name="test04_verifyProductImage" classname="sanity.ShopDemo" time="4.102"/>
  <testcase name="test05_verifyHighestProductPrice" classname="sanity.ShopDemo" time="2.747">
    <failure message="expected [true] but found [false]" type="java.lang.AssertionError">java.lang.AssertionError: expected [true] but found [false]
	at sanity.ShopDemo.test05_verifyHighestProductPrice(ShopDemo.java:64)
</failure>
    <system-out><![CDATA[Recorded Screen Cast File is Now Created
------------ Starting Test: test05_verifyHighestProductPrice ------------
actual text is 250.00 ?
expected text is 260.00 
------------ Test: test05_verifyHighestProductPrice Failed ------------
Recorded Screen Cast File Stop Recording
Taking Screenshot...
]]></system-out>
  </testcase>
  <testcase name="test06_verifyDetailsOfProductAddedToCart" classname="sanity.ShopDemo" time="7.81"/>
  <testcase name="test07_verifySearchProductsElementLocation" classname="sanity.ShopDemo" time="1.722"/>
</testsuite>